2017-08-01 13:57:20 -  - exec CUpdateClientPartner::SearchModulesEx
2017-08-01 13:57:20 -  - exec CUpdateClientPartner::__CollectRequestData
2017-08-01 13:57:20 -  - utf=N&lang=ru&stable=Y&CANGZIP=Y&SUPD_DBS=MYSQL&XE=N&CLIENT_SITE=first&LICENSE_KEY=X&SUPD_STS=1&SUPD_URS=0&SUPD_URSA=1&TYPENC=D&CLIENT_PHPVER=5.3.13&NGINX=Y&dbv=5.5.25&instm=main%2C17.0.9%2CY%3Bb24connector%2C17.0.1%2CN%3Bbitrix.sitecorporate%2C15.5.0%2CN%3Bbitrixcloud%2C17.0.0%2CN%3Bclouds%2C17.0.0%2CN%3Bcompression%2C16.0.0%2CN%3Bfileman%2C17.5.0%2CN%3Bhighloadblock%2C17.0.2%2CN%3Biblock%2C17.0.9%2CN%3Bperfmon%2C17.0.0%2CN%3Bsearch%2C17.0.1%2CN%3Bseo%2C17.0.6%2CN%3Bsocialservices%2C17.1.4%2CN%3Btranslate%2C15.0.0%2CN&search_module_id=&search_module=&search_category=7%2C14&search_type=&search_order=DESC&search_order_by=SORT&search_page=1&SUPD_SRS=RU&SUPD_CMP=N
2017-08-01 13:57:20 -  - exec CUpdateClientPartner::GetHTTPPage
2017-08-01 13:57:22 -  - TIME SearchModulesEx(request) 1.834 sec
2017-08-01 13:57:22 -  - exec CUpdateClientPartner::ParseServerData
2017-08-01 13:57:31 -  - exec CUpdateClientPartner::LoadModulesUpdates
2017-08-01 13:57:31 -  - exec CUpdateClientPartner::__CollectRequestData
2017-08-01 13:57:31 -  - utf=N&lang=ru&stable=Y&CANGZIP=Y&SUPD_DBS=MYSQL&XE=N&CLIENT_SITE=first&LICENSE_KEY=X&SUPD_STS=1&SUPD_URS=0&SUPD_URSA=1&TYPENC=D&CLIENT_PHPVER=5.3.13&NGINX=Y&dbv=5.5.25&instm=main%2C17.0.9%2CY%3Bb24connector%2C17.0.1%2CN%3Bbitrix.sitecorporate%2C15.5.0%2CN%3Bbitrixcloud%2C17.0.0%2CN%3Bclouds%2C17.0.0%2CN%3Bcompression%2C16.0.0%2CN%3Bfileman%2C17.5.0%2CN%3Bhighloadblock%2C17.0.2%2CN%3Biblock%2C17.0.9%2CN%3Bperfmon%2C17.0.0%2CN%3Bsearch%2C17.0.1%2CN%3Bseo%2C17.0.6%2CN%3Bsocialservices%2C17.1.4%2CN%3Btranslate%2C15.0.0%2CN&reqm=nsandrey.emptyinstall&lim=Y&SUPD_SRS=RU&SUPD_CMP=N
2017-08-01 13:57:31 -  - exec CUpdateClientPartner::GetHTTPPage
2017-08-01 13:57:32 -  - TIME LoadModulesUpdates(request) 0.709 sec
2017-08-01 13:57:32 -  - exec CUpdateClientPartner::ParseServerData
2017-08-01 13:57:32 - S - STEP
2017-08-01 13:57:32 - LM4W01 - loadModule4Wizard-Step
2017-08-01 13:57:33 -  - exec CUpdateClientPartner::LoadModulesUpdates
2017-08-01 13:57:33 -  - exec CUpdateClientPartner::ParseServerData
2017-08-01 13:57:33 -  - loadFile
2017-08-01 13:57:34 - U - RETURN
2017-08-01 13:57:34 -  - exec CUpdateClientPartner::UnGzipArchive
2017-08-01 13:57:34 -  - TIME UnGzipArchive 0.088 sec
2017-08-01 13:57:34 -  - TIME UpdateStepModules 0.418 sec
2017-08-01 13:57:36 -  - exec CUpdateClientPartner::LoadModulesUpdates
2017-08-01 13:57:36 -  - exec CUpdateClientPartner::__CollectRequestData
2017-08-01 13:57:36 -  - utf=N&lang=ru&stable=Y&CANGZIP=Y&SUPD_DBS=MYSQL&XE=N&CLIENT_SITE=first&LICENSE_KEY=X&SUPD_STS=1&SUPD_URS=0&SUPD_URSA=1&TYPENC=D&CLIENT_PHPVER=5.3.13&NGINX=Y&dbv=5.5.25&instm=main%2C17.0.9%2CY%3Bb24connector%2C17.0.1%2CN%3Bbitrix.sitecorporate%2C15.5.0%2CN%3Bbitrixcloud%2C17.0.0%2CN%3Bclouds%2C17.0.0%2CN%3Bcompression%2C16.0.0%2CN%3Bfileman%2C17.5.0%2CN%3Bhighloadblock%2C17.0.2%2CN%3Biblock%2C17.0.9%2CN%3Bnsandrey.emptyinstall%2C1.0.2%2CN%3Bperfmon%2C17.0.0%2CN%3Bsearch%2C17.0.1%2CN%3Bseo%2C17.0.6%2CN%3Bsocialservices%2C17.1.4%2CN%3Btranslate%2C15.0.0%2CN&reqm=nsandrey.emptyinstall&lim=Y&SUPD_SRS=RU&SUPD_CMP=N
2017-08-01 13:57:36 -  - exec CUpdateClientPartner::GetHTTPPage
2017-08-01 13:57:36 -  - TIME LoadModulesUpdates(request) 0.349 sec
2017-08-01 13:57:36 -  - exec CUpdateClientPartner::ParseServerData
2017-08-01 13:57:36 - STEP - Finish - NOUPDATES
2017-08-01 13:57:36 - LM4W03 - Finish - NOUPDATES
