2017-Aug-02 13:12:51 Наличие необходимых модулей php (check_php_modules): Fail
Ошибка! Не установлены требуемые расширения:Поддержка ssl не настроена в php
2017-Aug-02 13:12:52 Обязательные параметры PHP (check_php_settings): Fail
Ошибка! Значение max_input_vars должно быть не ниже 10000. Текущее значение: 1000
2017-Aug-02 13:12:54 Модули веб-сервера (check_security): Ok
Конфликтов не выявлено
2017-Aug-02 13:12:55 Значения переменных сервера (check_server_vars): Fail
Ошибка! Текущий домен не валидный (first). Может содержать только цифры, латинские буквы и дефис. Должен содержать точку.
2017-Aug-02 13:12:56 Сохранение сессии (check_session): Ok
50% done
2017-Aug-02 13:12:57 Сохранение сессии (check_session): Ok
Успешно
2017-Aug-02 13:12:59 Параметры настройки UTF (mbstring и константа BX_UTF) (check_mbstring): Ok
Правильные. Сайт работает в однобайтовой кодировке
2017-Aug-02 13:13:00 Служебные скрипты в корне сайта (check_install_scripts): Ok
Отсутствуют
2017-Aug-02 13:13:01 Работа с сокетами (check_socket): Ok
Connection to first:80	Success

Успешно
2017-Aug-02 13:13:02 Выполнение агентов на cron (check_bx_crontab): Warning
Замечание. Агенты выполняются на хитах, рекомендуется перевести выполнение агентов на cron
2017-Aug-02 13:13:04 Параметры подключения к базе данных (check_dbconn_settings): Ok
Успешно
2017-Aug-02 13:13:06 Лишний вывод в файлах конфигурации (check_dbconn): Ok
Connection to first:80	Success

Успешно
2017-Aug-02 13:13:07 Сохранение сессии без UserAgent (check_session_ua): Ok
50% done
Connection to first:80	Success

2017-Aug-02 13:13:09 Сохранение сессии без UserAgent (check_session_ua): Ok
Connection to first:80	Success

Успешно
2017-Aug-02 13:13:10 Настройки сайтов (check_sites): Ok
Правильные
2017-Aug-02 13:13:11 Передача объектов по ссылке (check_clone): Ok
Успешно
